TN:
SF:src\models\task.ts
FN:3,(anonymous_0)
FN:13,(anonymous_1)
FN:17,(anonymous_2)
FN:22,(anonymous_3)
FN:26,(anonymous_4)
FN:31,(anonymous_5)
FN:35,(anonymous_6)
FNF:7
FNH:7
FNDA:28,(anonymous_0)
FNDA:49,(anonymous_1)
FNDA:15,(anonymous_2)
FNDA:5,(anonymous_3)
FNDA:3,(anonymous_4)
FNDA:6,(anonymous_5)
FNDA:18,(anonymous_6)
DA:1,1
DA:5,28
DA:6,28
DA:7,28
DA:14,49
DA:18,15
DA:23,5
DA:27,3
DA:32,6
DA:36,18
LF:10
LH:10
BRDA:6,0,0,28
BRDA:7,1,0,28
BRF:2
BRH:2
end_of_record
TN:
SF:src\models\implementations\mockTask\mockTask.ts
FN:8,(anonymous_0)
FN:13,(anonymous_1)
FN:14,(anonymous_2)
FN:16,(anonymous_3)
FN:26,(anonymous_4)
FN:27,(anonymous_5)
FN:29,(anonymous_6)
FN:43,(anonymous_7)
FN:44,(anonymous_8)
FN:46,(anonymous_9)
FN:57,(anonymous_10)
FN:60,(anonymous_11)
FN:61,(anonymous_12)
FN:65,(anonymous_13)
FN:66,(anonymous_14)
FN:67,(anonymous_15)
FN:77,(anonymous_16)
FN:78,(anonymous_17)
FN:87,(anonymous_18)
FN:88,(anonymous_19)
FN:89,(anonymous_20)
FNF:21
FNH:21
FNDA:1,(anonymous_0)
FNDA:1,(anonymous_1)
FNDA:1,(anonymous_2)
FNDA:1,(anonymous_3)
FNDA:2,(anonymous_4)
FNDA:2,(anonymous_5)
FNDA:2,(anonymous_6)
FNDA:1,(anonymous_7)
FNDA:1,(anonymous_8)
FNDA:1,(anonymous_9)
FNDA:1,(anonymous_10)
FNDA:2,(anonymous_11)
FNDA:2,(anonymous_12)
FNDA:1,(anonymous_13)
FNDA:1,(anonymous_14)
FNDA:1,(anonymous_15)
FNDA:14,(anonymous_16)
FNDA:14,(anonymous_17)
FNDA:13,(anonymous_18)
FNDA:13,(anonymous_19)
FNDA:24,(anonymous_20)
DA:4,1
DA:9,1
DA:10,1
DA:11,1
DA:14,1
DA:15,1
DA:16,1
DA:18,1
DA:19,0
DA:21,1
DA:22,1
DA:27,2
DA:28,2
DA:29,2
DA:31,2
DA:32,0
DA:34,2
DA:35,1
DA:37,1
DA:39,2
DA:44,1
DA:45,1
DA:46,1
DA:48,1
DA:49,0
DA:51,1
DA:52,1
DA:53,1
DA:58,1
DA:61,2
DA:62,2
DA:66,1
DA:67,1
DA:68,1
DA:70,1
DA:71,0
DA:73,1
DA:78,14
DA:79,14
DA:80,14
DA:81,14
DA:82,14
DA:83,14
DA:84,14
DA:88,13
DA:89,24
DA:90,13
DA:91,0
DA:93,13
DA:94,13
DA:99,1
LF:51
LH:46
BRDA:18,0,0,0
BRDA:18,0,1,1
BRDA:31,1,0,0
BRDA:31,1,1,2
BRDA:34,2,0,1
BRDA:34,2,1,1
BRDA:48,3,0,0
BRDA:48,3,1,1
BRDA:70,4,0,0
BRDA:70,4,1,1
BRDA:90,5,0,0
BRDA:90,5,1,13
BRF:12
BRH:7
end_of_record
TN:
SF:src\services\tasks.service.ts
FN:6,(anonymous_1)
FN:9,(anonymous_2)
FN:12,(anonymous_3)
FN:15,(anonymous_4)
FN:18,(anonymous_5)
FN:21,(anonymous_6)
FN:24,(anonymous_7)
FN:27,(anonymous_8)
FNF:8
FNH:8
FNDA:2,(anonymous_1)
FNDA:1,(anonymous_2)
FNDA:14,(anonymous_3)
FNDA:13,(anonymous_4)
FNDA:1,(anonymous_5)
FNDA:2,(anonymous_6)
FNDA:1,(anonymous_7)
FNDA:1,(anonymous_8)
DA:3,1
DA:7,2
DA:10,1
DA:13,14
DA:16,13
DA:19,1
DA:22,2
DA:25,1
DA:28,1
DA:32,1
LF:10
LH:10
BRF:0
BRH:0
end_of_record
